<?xml version="1.0" encoding="UTF-8"?>
<!-- Generated by org.testng.reporters.JUnitReportReporter -->
<testsuite skipped="0" hostname="QSP-BTM-ATT" name="script.VerifyProductEdition" tests="2" failures="0" timestamp="11 Jul 2017 03:57:26 GMT" time="23.340" errors="0">
  <testcase name="testProductEdition" time="9.731" classname="script.VerifyProductEdition"/>
  <testcase name="testProductEdition" time="13.609" classname="script.VerifyProductEdition"/>
</testsuite> <!-- script.VerifyProductEdition -->
